0 info it worked if it ends with ok
1 verbose cli [ '/usr/local/bin/node',
1 verbose cli   '/usr/local/bin/npm',
1 verbose cli   'install',
1 verbose cli   'body-parser' ]
2 info using npm@1.4.28
3 info using node@v0.10.36
4 warn package.json consolidate@0.9.1 No repository field.
5 warn package.json fs@0.0.2 fs is also the name of a node core module.
6 warn package.json fs@0.0.2 No description
7 warn package.json fs@0.0.2 No repository field.
8 verbose readDependencies using package.json deps
9 verbose cache add [ 'body-parser', null ]
10 verbose cache add name=undefined spec="body-parser" args=["body-parser",null]
11 verbose parsed url { protocol: null,
11 verbose parsed url   slashes: null,
11 verbose parsed url   auth: null,
11 verbose parsed url   host: null,
11 verbose parsed url   port: null,
11 verbose parsed url   hostname: null,
11 verbose parsed url   hash: null,
11 verbose parsed url   search: null,
11 verbose parsed url   query: null,
11 verbose parsed url   pathname: 'body-parser',
11 verbose parsed url   path: 'body-parser',
11 verbose parsed url   href: 'body-parser' }
12 silly lockFile 14cf125c-body-parser body-parser
13 verbose lock body-parser /home/nitesh/.npm/14cf125c-body-parser.lock
14 silly lockFile 14cf125c-body-parser body-parser
15 silly lockFile 14cf125c-body-parser body-parser
16 verbose addNamed [ 'body-parser', '' ]
17 verbose addNamed [ null, '*' ]
18 silly lockFile 9f665704-body-parser body-parser@
19 verbose lock body-parser@ /home/nitesh/.npm/9f665704-body-parser.lock
20 silly addNameRange { name: 'body-parser', range: '*', hasData: false }
21 verbose request where is /body-parser
22 verbose request registry https://registry.npmjs.org/
23 verbose request id ede0faa32bb4bf22
24 verbose url raw /body-parser
25 verbose url resolving [ 'https://registry.npmjs.org/', './body-parser' ]
26 verbose url resolved https://registry.npmjs.org/body-parser
27 verbose request where is https://registry.npmjs.org/body-parser
28 info trying registry request attempt 1 at 11:34:51
29 verbose etag "44JDRIUOBXBZOLVZRMFCMTRMN"
30 http GET https://registry.npmjs.org/body-parser
31 http 304 https://registry.npmjs.org/body-parser
32 silly registry.get cb [ 304,
32 silly registry.get   { date: 'Sat, 01 Aug 2015 06:04:54 GMT',
32 silly registry.get     via: '1.1 varnish',
32 silly registry.get     'cache-control': 'max-age=60',
32 silly registry.get     etag: '"44JDRIUOBXBZOLVZRMFCMTRMN"',
32 silly registry.get     age: '0',
32 silly registry.get     connection: 'keep-alive',
32 silly registry.get     'x-served-by': 'cache-sin6924-SIN',
32 silly registry.get     'x-cache': 'HIT',
32 silly registry.get     'x-cache-hits': '1',
32 silly registry.get     'x-timer': 'S1438409094.638614,VS0,VE973',
32 silly registry.get     vary: 'Accept' } ]
33 verbose etag https://registry.npmjs.org/body-parser from cache
34 silly addNameRange number 2 { name: 'body-parser', range: '*', hasData: true }
35 silly addNameRange versions [ 'body-parser',
35 silly addNameRange   [ '1.0.0',
35 silly addNameRange     '1.0.1',
35 silly addNameRange     '1.0.2',
35 silly addNameRange     '1.1.0',
35 silly addNameRange     '1.1.1',
35 silly addNameRange     '1.1.2',
35 silly addNameRange     '1.2.0',
35 silly addNameRange     '1.2.1',
35 silly addNameRange     '1.2.2',
35 silly addNameRange     '1.3.0',
35 silly addNameRange     '1.3.1',
35 silly addNameRange     '1.4.0',
35 silly addNameRange     '1.4.1',
35 silly addNameRange     '1.4.2',
35 silly addNameRange     '1.4.3',
35 silly addNameRange     '1.5.0',
35 silly addNameRange     '1.5.1',
35 silly addNameRange     '1.5.2',
35 silly addNameRange     '1.6.0',
35 silly addNameRange     '1.6.1',
35 silly addNameRange     '1.6.2',
35 silly addNameRange     '1.6.3',
35 silly addNameRange     '1.6.4',
35 silly addNameRange     '1.6.5',
35 silly addNameRange     '1.6.6',
35 silly addNameRange     '1.6.7',
35 silly addNameRange     '1.7.0',
35 silly addNameRange     '1.8.0',
35 silly addNameRange     '1.8.1',
35 silly addNameRange     '1.8.2',
35 silly addNameRange     '1.8.3',
35 silly addNameRange     '1.8.4',
35 silly addNameRange     '1.9.0',
35 silly addNameRange     '1.9.1',
35 silly addNameRange     '1.9.2',
35 silly addNameRange     '1.9.3',
35 silly addNameRange     '1.10.0',
35 silly addNameRange     '1.10.1',
35 silly addNameRange     '1.10.2',
35 silly addNameRange     '1.11.0',
35 silly addNameRange     '1.12.0',
35 silly addNameRange     '1.12.1',
35 silly addNameRange     '1.12.2',
35 silly addNameRange     '1.12.3',
35 silly addNameRange     '1.12.4',
35 silly addNameRange     '1.13.0',
35 silly addNameRange     '1.13.1',
35 silly addNameRange     '1.13.2',
35 silly addNameRange     '1.13.3' ] ]
36 verbose addNamed [ 'body-parser', '1.13.3' ]
37 verbose addNamed [ '1.13.3', '1.13.3' ]
38 silly lockFile 33d87632-body-parser-1-13-3 body-parser@1.13.3
39 verbose lock body-parser@1.13.3 /home/nitesh/.npm/33d87632-body-parser-1-13-3.lock
40 silly lockFile 1aa5e187-dy-parser-body-parser-1-13-3-tgz https://registry.npmjs.org/body-parser/-/body-parser-1.13.3.tgz
41 verbose lock https://registry.npmjs.org/body-parser/-/body-parser-1.13.3.tgz /home/nitesh/.npm/1aa5e187-dy-parser-body-parser-1-13-3-tgz.lock
42 verbose addRemoteTarball [ 'https://registry.npmjs.org/body-parser/-/body-parser-1.13.3.tgz',
42 verbose addRemoteTarball   'c08cf330c3358e151016a05746f13f029c97fa97' ]
43 info retry fetch attempt 1 at 11:34:55
44 verbose fetch to= /tmp/npm-10017-kKTrioTf/registry.npmjs.org/body-parser/-/body-parser-1.13.3.tgz
45 http GET https://registry.npmjs.org/body-parser/-/body-parser-1.13.3.tgz
46 http 200 https://registry.npmjs.org/body-parser/-/body-parser-1.13.3.tgz
47 silly lockFile 1aa5e187-dy-parser-body-parser-1-13-3-tgz https://registry.npmjs.org/body-parser/-/body-parser-1.13.3.tgz
48 silly lockFile 1aa5e187-dy-parser-body-parser-1-13-3-tgz https://registry.npmjs.org/body-parser/-/body-parser-1.13.3.tgz
49 silly lockFile 33d87632-body-parser-1-13-3 body-parser@1.13.3
50 silly lockFile 33d87632-body-parser-1-13-3 body-parser@1.13.3
51 silly lockFile 9f665704-body-parser body-parser@
52 silly lockFile 9f665704-body-parser body-parser@
53 error Error: EACCES, mkdir '/home/nitesh/.npm/body-parser/1.13.3'
53 error  { [Error: EACCES, mkdir '/home/nitesh/.npm/body-parser/1.13.3']
53 error   errno: 3,
53 error   code: 'EACCES',
53 error   path: '/home/nitesh/.npm/body-parser/1.13.3',
53 error   parent: 'myproject' }
54 error Please try running this command again as root/Administrator.
55 error System Linux 3.13.0-46-generic
56 error command "/usr/local/bin/node" "/usr/local/bin/npm" "install" "body-parser"
57 error cwd /home/nitesh/school/school
58 error node -v v0.10.36
59 error npm -v 1.4.28
60 error path /home/nitesh/.npm/body-parser/1.13.3
61 error code EACCES
62 error errno 3
63 error stack Error: EACCES, mkdir '/home/nitesh/.npm/body-parser/1.13.3'
64 verbose exit [ 3, true ]
